{"/Users/gulfz/Developer/JavaScript/thoughtworks/fizzBuzz.js": {"path":"/Users/gulfz/Developer/JavaScript/thoughtworks/fizzBuzz.js","statementMap":{"0":{"start":{"line":1,"column":10},"end":{"line":1,"column":32}},"1":{"start":{"line":3,"column":0},"end":{"line":8,"column":1}},"2":{"start":{"line":4,"column":4},"end":{"line":6,"column":5}},"3":{"start":{"line":5,"column":8},"end":{"line":5,"column":19}},"4":{"start":{"line":7,"column":4},"end":{"line":7,"column":16}},"5":{"start":{"line":10,"column":0},"end":{"line":15,"column":1}},"6":{"start":{"line":11,"column":4},"end":{"line":13,"column":5}},"7":{"start":{"line":12,"column":8},"end":{"line":12,"column":19}},"8":{"start":{"line":14,"column":4},"end":{"line":14,"column":16}},"9":{"start":{"line":17,"column":0},"end":{"line":22,"column":1}},"10":{"start":{"line":18,"column":4},"end":{"line":20,"column":5}},"11":{"start":{"line":19,"column":8},"end":{"line":19,"column":19}},"12":{"start":{"line":21,"column":4},"end":{"line":21,"column":16}},"13":{"start":{"line":24,"column":0},"end":{"line":47,"column":1}},"14":{"start":{"line":25,"column":22},"end":{"line":25,"column":24}},"15":{"start":{"line":27,"column":4},"end":{"line":45,"column":5}},"16":{"start":{"line":27,"column":17},"end":{"line":27,"column":18}},"17":{"start":{"line":28,"column":8},"end":{"line":44,"column":9}},"18":{"start":{"line":29,"column":12},"end":{"line":29,"column":35}},"19":{"start":{"line":30,"column":12},"end":{"line":30,"column":40}},"20":{"start":{"line":32,"column":15},"end":{"line":44,"column":9}},"21":{"start":{"line":33,"column":12},"end":{"line":33,"column":31}},"22":{"start":{"line":34,"column":12},"end":{"line":34,"column":36}},"23":{"start":{"line":36,"column":15},"end":{"line":44,"column":9}},"24":{"start":{"line":37,"column":12},"end":{"line":37,"column":31}},"25":{"start":{"line":38,"column":12},"end":{"line":38,"column":36}},"26":{"start":{"line":41,"column":12},"end":{"line":41,"column":26}},"27":{"start":{"line":42,"column":12},"end":{"line":42,"column":31}},"28":{"start":{"line":46,"column":4},"end":{"line":46,"column":22}},"29":{"start":{"line":49,"column":0},"end":{"line":49,"column":18}},"30":{"start":{"line":51,"column":0},"end":{"line":51,"column":30}}},"fnMap":{"0":{"name":"(anonymous_0)","decl":{"start":{"line":3,"column":9},"end":{"line":3,"column":10}},"loc":{"start":{"line":3,"column":18},"end":{"line":8,"column":1}},"line":3},"1":{"name":"(anonymous_1)","decl":{"start":{"line":10,"column":9},"end":{"line":10,"column":10}},"loc":{"start":{"line":10,"column":18},"end":{"line":15,"column":1}},"line":10},"2":{"name":"(anonymous_2)","decl":{"start":{"line":17,"column":13},"end":{"line":17,"column":14}},"loc":{"start":{"line":17,"column":22},"end":{"line":22,"column":1}},"line":17},"3":{"name":"(anonymous_3)","decl":{"start":{"line":24,"column":16},"end":{"line":24,"column":17}},"loc":{"start":{"line":24,"column":25},"end":{"line":47,"column":1}},"line":24}},"branchMap":{"0":{"loc":{"start":{"line":1,"column":10},"end":{"line":1,"column":32}},"type":"binary-expr","locations":[{"start":{"line":1,"column":10},"end":{"line":1,"column":25}},{"start":{"line":1,"column":29},"end":{"line":1,"column":32}}],"line":1},"1":{"loc":{"start":{"line":4,"column":4},"end":{"line":6,"column":5}},"type":"if","locations":[{"start":{"line":4,"column":4},"end":{"line":6,"column":5}},{"start":{"line":4,"column":4},"end":{"line":6,"column":5}}],"line":4},"2":{"loc":{"start":{"line":11,"column":4},"end":{"line":13,"column":5}},"type":"if","locations":[{"start":{"line":11,"column":4},"end":{"line":13,"column":5}},{"start":{"line":11,"column":4},"end":{"line":13,"column":5}}],"line":11},"3":{"loc":{"start":{"line":18,"column":4},"end":{"line":20,"column":5}},"type":"if","locations":[{"start":{"line":18,"column":4},"end":{"line":20,"column":5}},{"start":{"line":18,"column":4},"end":{"line":20,"column":5}}],"line":18},"4":{"loc":{"start":{"line":18,"column":8},"end":{"line":18,"column":34}},"type":"binary-expr","locations":[{"start":{"line":18,"column":8},"end":{"line":18,"column":19}},{"start":{"line":18,"column":23},"end":{"line":18,"column":34}}],"line":18},"5":{"loc":{"start":{"line":28,"column":8},"end":{"line":44,"column":9}},"type":"if","locations":[{"start":{"line":28,"column":8},"end":{"line":44,"column":9}},{"start":{"line":28,"column":8},"end":{"line":44,"column":9}}],"line":28},"6":{"loc":{"start":{"line":32,"column":15},"end":{"line":44,"column":9}},"type":"if","locations":[{"start":{"line":32,"column":15},"end":{"line":44,"column":9}},{"start":{"line":32,"column":15},"end":{"line":44,"column":9}}],"line":32},"7":{"loc":{"start":{"line":36,"column":15},"end":{"line":44,"column":9}},"type":"if","locations":[{"start":{"line":36,"column":15},"end":{"line":44,"column":9}},{"start":{"line":36,"column":15},"end":{"line":44,"column":9}}],"line":36}},"s":{"0":1,"1":1,"2":2,"3":0,"4":2,"5":1,"6":1,"7":0,"8":1,"9":1,"10":1,"11":0,"12":1,"13":1,"14":2,"15":2,"16":2,"17":1,"18":0,"19":0,"20":1,"21":0,"22":0,"23":1,"24":0,"25":0,"26":1,"27":1,"28":2,"29":1,"30":1},"f":{"0":2,"1":1,"2":1,"3":2},"b":{"0":[1,0],"1":[0,2],"2":[0,1],"3":[0,1],"4":[1,0],"5":[0,1],"6":[0,1],"7":[0,1]},"_coverageSchema":"1a1c01bbd47fc00a2c39e90264f33305004495a9","hash":"6cc9b98d8ab8c19ce98028223f792a807be7b570"}
}
