TN:
SF:thoughtworks/fizzBuzz.js
FN:3,(anonymous_0)
FN:10,(anonymous_1)
FN:17,(anonymous_2)
FN:24,(anonymous_3)
FNF:4
FNH:4
FNDA:2,(anonymous_0)
FNDA:1,(anonymous_1)
FNDA:1,(anonymous_2)
FNDA:2,(anonymous_3)
DA:1,1
DA:3,1
DA:4,2
DA:5,0
DA:7,2
DA:10,1
DA:11,1
DA:12,0
DA:14,1
DA:17,1
DA:18,1
DA:19,0
DA:21,1
DA:24,1
DA:25,2
DA:27,2
DA:28,1
DA:29,0
DA:30,0
DA:32,1
DA:33,0
DA:34,0
DA:36,1
DA:37,0
DA:38,0
DA:41,1
DA:42,1
DA:46,2
DA:49,1
DA:51,1
LF:30
LH:21
BRDA:1,0,0,1
BRDA:1,0,1,0
BRDA:4,1,0,0
BRDA:4,1,1,2
BRDA:11,2,0,0
BRDA:11,2,1,1
BRDA:18,3,0,0
BRDA:18,3,1,1
BRDA:18,4,0,1
BRDA:18,4,1,0
BRDA:28,5,0,0
BRDA:28,5,1,1
BRDA:32,6,0,0
BRDA:32,6,1,1
BRDA:36,7,0,0
BRDA:36,7,1,1
BRF:16
BRH:8
end_of_record
